<?xml version="1.0" encoding="UTF-8"?>
<testsuite name="com.magic.datastructuretest.BSTTest" tests="1" skipped="0" failures="0" errors="0" timestamp="2021-06-06T10:04:51" hostname="DESKTOP-38KI29F" time="0.046">
  <properties/>
  <testcase name="given3Numbers_WhenAddedToBST_ShouldReturnSizeThree()" classname="com.magic.datastructuretest.BSTTest" time="0.046"/>
  <system-out><![CDATA[]]></system-out>
  <system-err><![CDATA[]]></system-err>
</testsuite>
